[2025-07-05 13:50:11,075][flwr][INFO] - Starting Flower simulation, config: ServerConfig(num_rounds=2, round_timeout=None)
[2025-07-05 13:50:13,355][flwr][INFO] - Flower VCE: Ray initialized with resources: {'object_store_memory': 1720069324.0, 'node:127.0.0.1': 1.0, 'memory': 3440138651.0, 'CPU': 8.0}
[2025-07-05 13:50:13,356][flwr][INFO] - Initializing global parameters
[2025-07-05 13:50:13,356][flwr][INFO] - Requesting initial parameters from one random client
[2025-07-05 13:50:14,345][flwr][INFO] - Received initial parameters from one random client
[2025-07-05 13:50:14,345][flwr][INFO] - Evaluating initial parameters
[2025-07-05 13:50:15,021][flwr][INFO] - initial parameters (loss, other metrics): 193.73770475387573, {'accuracy': 0.1029}
[2025-07-05 13:50:15,021][flwr][INFO] - FL starting
[2025-07-05 13:50:15,022][flwr][DEBUG] - fit_round 1: strategy sampled 5 clients (out of 100)
[2025-07-05 13:50:22,485][flwr][DEBUG] - fit_round 1 received 5 results and 0 failures
[2025-07-05 13:50:22,491][flwr][WARNING] - No fit_metrics_aggregation_fn provided
[2025-07-05 13:50:23,149][flwr][INFO] - fit progress: (1, 191.27750706672668, {'accuracy': 0.1277}, 8.1277185)
[2025-07-05 13:50:23,150][flwr][DEBUG] - evaluate_round 1: strategy sampled 10 clients (out of 100)
[2025-07-05 13:50:35,114][flwr][DEBUG] - evaluate_round 1 received 10 results and 0 failures
[2025-07-05 13:50:35,116][flwr][WARNING] - No evaluate_metrics_aggregation_fn provided
[2025-07-05 13:50:35,117][flwr][DEBUG] - fit_round 2: strategy sampled 5 clients (out of 100)
[2025-07-05 13:50:40,667][flwr][DEBUG] - fit_round 2 received 5 results and 0 failures
[2025-07-05 13:50:41,336][flwr][INFO] - fit progress: (2, 181.04675340652466, {'accuracy': 0.4275}, 26.314248041)
[2025-07-05 13:50:41,336][flwr][DEBUG] - evaluate_round 2: strategy sampled 10 clients (out of 100)
[2025-07-05 13:50:57,715][flwr][DEBUG] - evaluate_round 2 received 10 results and 0 failures
[2025-07-05 13:50:57,716][flwr][INFO] - FL finished in 42.693851916
[2025-07-05 13:50:57,717][flwr][INFO] - app_fit: losses_distributed [(1, 6.828442335128784), (2, 6.451590228080749)]
[2025-07-05 13:50:57,717][flwr][INFO] - app_fit: metrics_distributed_fit {}
[2025-07-05 13:50:57,717][flwr][INFO] - app_fit: metrics_distributed {}
[2025-07-05 13:50:57,717][flwr][INFO] - app_fit: losses_centralized [(0, 193.73770475387573), (1, 191.27750706672668), (2, 181.04675340652466)]
[2025-07-05 13:50:57,717][flwr][INFO] - app_fit: metrics_centralized {'accuracy': [(0, 0.1029), (1, 0.1277), (2, 0.4275)]}
